<?xml version="1.0" encoding="UTF-8"?>
<!-- Generated by org.testng.reporters.JUnitReportReporter -->
<testsuite skipped="0" hostname="LAPTOP-DP3US6KL" name="practice.HookPractice" tests="2" failures="0" timestamp="26 Nov 2020 02:35:47 GMT" time="0.029" errors="0">
  <testcase name="test3" time="0.025" classname="practice.HookPractice"/>
  <testcase name="test1" time="0.004" classname="practice.HookPractice"/>
</testsuite> <!-- practice.HookPractice -->
