<?xml version="1.0" encoding="UTF-8"?>
<!-- Generated by org.testng.reporters.JUnitReportReporter -->
<testsuite skipped="0" hostname="LAPTOP-DP3US6KL" name="stepDef.CucumberRunner" tests="6" failures="0" timestamp="04 Dec 2020 22:03:40 GMT" time="0.438" errors="0">
  <testcase name="runScenario" time="0.024" classname="stepDef.CucumberRunner"/>
  <testcase name="runScenario" time="0.016" classname="stepDef.CucumberRunner"/>
  <testcase name="runScenario" time="0.032" classname="stepDef.CucumberRunner"/>
  <testcase name="runScenario" time="0.017" classname="stepDef.CucumberRunner"/>
  <testcase name="runScenario" time="0.335" classname="stepDef.CucumberRunner"/>
  <testcase name="runScenario" time="0.014" classname="stepDef.CucumberRunner"/>
</testsuite> <!-- stepDef.CucumberRunner -->
