<?xml version="1.0" encoding="UTF-8"?>
<!-- Generated by org.testng.reporters.JUnitReportReporter -->
<testsuite skipped="0" hostname="LAPTOP-DP3US6KL" name="practice.HookPractice2" tests="3" failures="0" timestamp="26 Nov 2020 03:03:13 GMT" time="0.022" errors="0">
  <testcase name="test1" time="0.014" classname="practice.HookPractice2"/>
  <testcase name="test5" time="0.002" classname="practice.HookPractice2"/>
  <testcase name="test3" time="0.006" classname="practice.HookPractice2"/>
</testsuite> <!-- practice.HookPractice2 -->
